This file contains any messages produced by compilers while
running configure, to aid debugging if configure makes a mistake.

It was created by configure, which was
generated by GNU Autoconf 2.64.  Invocation command line was

  $ ./configure --disable-option-checking --prefix=/usr/local --with-system-zlib --disable-nls --program-transform-name=s&^&h8300-elf-& --build=x86_64-apple-darwin11.4.0 --host=x86_64-apple-darwin11.4.0 --target=h8300-elf build_alias=x86_64-apple-darwin11.4.0 host_alias=x86_64-apple-darwin11.4.0 target_alias=h8300-elf CC=gcc CFLAGS=-g -O2 LDFLAGS=  --cache-file=.././config.cache --srcdir=.

## --------- ##
## Platform. ##
## --------- ##

hostname = intel-no-MacBook-Air.local
uname -m = x86_64
uname -r = 11.4.0
uname -s = Darwin
uname -v = Darwin Kernel Version 11.4.0: Mon Apr  9 19:32:15 PDT 2012; root:xnu-1699.26.8~1/RELEASE_X86_64

/usr/bin/uname -p = i386
/bin/uname -X     = unknown

/bin/arch              = unknown
/usr/bin/arch -k       = unknown
/usr/convex/getsysinfo = unknown
/usr/bin/hostinfo      = Mach kernel version:
	 Darwin Kernel Version 11.4.0: Mon Apr  9 19:32:15 PDT 2012; root:xnu-1699.26.8~1/RELEASE_X86_64
Kernel configured for up to 4 processors.
2 processors are physically available.
4 processors are logically available.
Processor type: i486 (Intel 80486)
Processors active: 0 1 2 3
Primary memory available: 2.00 gigabytes
Default processor set: 80 tasks, 340 threads, 4 processors
Load average: 1.56, Mach factor: 2.43
/bin/machine           = unknown
/usr/bin/oslevel       = unknown
/bin/universe          = unknown

PATH: /opt/local/bin
PATH: /opt/local/sbin
PATH: /usr/bin
PATH: /bin
PATH: /usr/sbin
PATH: /sbin
PATH: /usr/local/bin
PATH: /usr/X11/bin


## ----------- ##
## Core tests. ##
## ----------- ##

configure:2179: loading cache .././config.cache
configure:2314: checking build system type
configure:2328: result: x86_64-apple-darwin11.4.0
configure:2348: checking host system type
configure:2361: result: x86_64-apple-darwin11.4.0
configure:2381: checking target system type
configure:2394: result: h8300-unknown-elf
configure:2439: checking for x86_64-apple-darwin11.4.0-gcc
configure:2466: result: gcc
configure:2735: checking for C compiler version
configure:2744: gcc --version >&5
i686-apple-darwin11-llvm-gcc-4.2 (GCC) 4.2.1 (Based on Apple Inc. build 5658) (LLVM build 2336.11.00)
Copyright (C) 2007 Free Software Foundation, Inc.
This is free software; see the source for copying conditions.  There is NO
warranty; not even for MERCHANTABILITY or FITNESS FOR A PARTICULAR PURPOSE.

configure:2755: $? = 0
configure:2744: gcc -v >&5
Using built-in specs.
Target: i686-apple-darwin11
Configured with: /private/var/tmp/llvmgcc42/llvmgcc42-2336.11~28/src/configure --disable-checking --enable-werror --prefix=/Applications/Xcode.app/Contents/Developer/usr/llvm-gcc-4.2 --mandir=/share/man --enable-languages=c,objc,c++,obj-c++ --program-prefix=llvm- --program-transform-name=/^[cg][^.-]*$/s/$/-4.2/ --with-slibdir=/usr/lib --build=i686-apple-darwin11 --enable-llvm=/private/var/tmp/llvmgcc42/llvmgcc42-2336.11~28/dst-llvmCore/Developer/usr/local --program-prefix=i686-apple-darwin11- --host=x86_64-apple-darwin11 --target=i686-apple-darwin11 --with-gxx-include-dir=/usr/include/c++/4.2.1
Thread model: posix
gcc version 4.2.1 (Based on Apple Inc. build 5658) (LLVM build 2336.11.00)
configure:2755: $? = 0
configure:2744: gcc -V >&5
llvm-gcc-4.2: argument to `-V' is missing
configure:2755: $? = 1
configure:2744: gcc -qversion >&5
i686-apple-darwin11-llvm-gcc-4.2: no input files
configure:2755: $? = 1
configure:2775: checking for C compiler default output file name
configure:2797: gcc -g -O2    conftest.c  >&5
configure:2801: $? = 0
configure:2838: result: a.out
configure:2854: checking whether the C compiler works
configure:2863: ./a.out
configure:2867: $? = 0
configure:2882: result: yes
configure:2889: checking whether we are cross compiling
configure:2891: result: no
configure:2894: checking for suffix of executables
configure:2901: gcc -o conftest -g -O2    conftest.c  >&5
configure:2905: $? = 0
configure:2927: result: 
configure:2933: checking for suffix of object files
configure:2980: result: o
configure:2984: checking whether we are using the GNU C compiler
configure:3012: result: yes
configure:3021: checking whether gcc accepts -g
configure:3082: result: yes
configure:3099: checking for gcc option to accept ISO C89
configure:3176: result: none needed
configure:3210: checking for a BSD-compatible install
configure:3278: result: /usr/bin/install -c
configure:3305: checking for x86_64-apple-darwin11.4.0-ranlib
configure:3332: result: ranlib
configure:3409: checking whether NLS is requested
configure:3412: result: no
configure:3476: checking how to run the C preprocessor
configure:3546: result: gcc -E
configure:3566: gcc -E  conftest.c
configure:3566: $? = 0
configure:3580: gcc -E  conftest.c
conftest.c:9:28: error: ac_nonexistent.h: No such file or directory
configure:3580: $? = 1
configure: failed program was:
| /* confdefs.h */
| #define PACKAGE_NAME ""
| #define PACKAGE_TARNAME ""
| #define PACKAGE_VERSION ""
| #define PACKAGE_STRING ""
| #define PACKAGE_BUGREPORT ""
| #define PACKAGE_URL ""
| /* end confdefs.h.  */
| #include <ac_nonexistent.h>
configure:3609: checking for grep that handles long lines and -e
configure:3667: result: /usr/bin/grep
configure:3672: checking for egrep
configure:3734: result: /usr/bin/grep -E
configure:3739: checking for ANSI C header files
configure:3843: result: yes
configure:3856: checking for sys/types.h
configure:3856: result: yes
configure:3856: checking for sys/stat.h
configure:3856: result: yes
configure:3856: checking for stdlib.h
configure:3856: result: yes
configure:3856: checking for string.h
configure:3856: result: yes
configure:3856: checking for memory.h
configure:3856: result: yes
configure:3856: checking for strings.h
configure:3856: result: yes
configure:3856: checking for inttypes.h
configure:3856: result: yes
configure:3856: checking for stdint.h
configure:3856: result: yes
configure:3856: checking for unistd.h
configure:3856: result: yes
configure:3872: checking for stdlib.h
configure:3872: result: yes
configure:3872: checking for string.h
configure:3872: result: yes
configure:3872: checking for strings.h
configure:3872: result: yes
configure:3872: checking for unistd.h
configure:3872: result: yes
configure:3872: checking for time.h
configure:3872: result: yes
configure:3886: checking for sys/time.h
configure:3886: result: yes
configure:3886: checking for sys/resource.h
configure:3886: result: yes
configure:3900: checking for fcntl.h
configure:3900: result: yes
configure:3900: checking for fpu_control.h
configure:3900: result: no
configure:3914: checking for dlfcn.h
configure:3914: result: yes
configure:3914: checking for errno.h
configure:3914: result: yes
configure:3914: checking for sys/stat.h
configure:3914: result: yes
configure:3928: checking for getrusage
configure:3928: result: yes
configure:3928: checking for time
configure:3928: result: yes
configure:3928: checking for sigaction
configure:3928: result: yes
configure:3928: checking for __setfpucw
configure:3928: result: no
configure:3940: checking for bind in -lsocket
configure:3974: result: no
configure:3985: checking for gethostbyname in -lnsl
configure:4019: result: no
configure:4045: checking for library containing zlibVersion
configure:4093: result: -lz
configure:4100: checking for zlib.h
configure:4100: result: yes
configure:4313: checking return type of signal handlers
configure:4338: result: void
configure:4400: checking for stdlib.h
configure:4400: result: yes
configure:4400: checking for string.h
configure:4400: result: yes
configure:4400: checking for strings.h
configure:4400: result: yes
configure:4400: checking for time.h
configure:4400: result: yes
configure:4400: checking sys/times.h usability
configure:4400: gcc -c -g -O2  conftest.c >&5
configure:4400: $? = 0
configure:4400: result: yes
configure:4400: checking sys/times.h presence
configure:4400: gcc -E  conftest.c
configure:4400: $? = 0
configure:4400: result: yes
configure:4400: checking for sys/times.h
configure:4400: result: yes
configure:4400: checking for sys/stat.h
configure:4400: result: yes
configure:4400: checking sys/mman.h usability
configure:4400: gcc -c -g -O2  conftest.c >&5
configure:4400: $? = 0
configure:4400: result: yes
configure:4400: checking sys/mman.h presence
configure:4400: gcc -E  conftest.c
configure:4400: $? = 0
configure:4400: result: yes
configure:4400: checking for sys/mman.h
configure:4400: result: yes
configure:4414: checking for mmap
configure:4414: gcc -o conftest -g -O2    conftest.c -lz  >&5
configure:4414: $? = 0
configure:4414: result: yes
configure:4414: checking for munmap
configure:4414: gcc -o conftest -g -O2    conftest.c -lz  >&5
configure:4414: $? = 0
configure:4414: result: yes
configure:4414: checking for lstat
configure:4414: gcc -o conftest -g -O2    conftest.c -lz  >&5
configure:4414: $? = 0
configure:4414: result: yes
configure:4414: checking for truncate
configure:4414: gcc -o conftest -g -O2    conftest.c -lz  >&5
configure:4414: $? = 0
configure:4414: result: yes
configure:4414: checking for ftruncate
configure:4414: gcc -o conftest -g -O2    conftest.c -lz  >&5
configure:4414: $? = 0
configure:4414: result: yes
configure:4424: checking for struct stat.st_dev
configure:4424: gcc -c -g -O2  conftest.c >&5
configure:4424: $? = 0
configure:4424: result: yes
configure:4439: checking for struct stat.st_ino
configure:4439: gcc -c -g -O2  conftest.c >&5
configure:4439: $? = 0
configure:4439: result: yes
configure:4454: checking for struct stat.st_mode
configure:4454: gcc -c -g -O2  conftest.c >&5
configure:4454: $? = 0
configure:4454: result: yes
configure:4469: checking for struct stat.st_nlink
configure:4469: gcc -c -g -O2  conftest.c >&5
configure:4469: $? = 0
configure:4469: result: yes
configure:4484: checking for struct stat.st_uid
configure:4484: gcc -c -g -O2  conftest.c >&5
configure:4484: $? = 0
configure:4484: result: yes
configure:4499: checking for struct stat.st_gid
configure:4499: gcc -c -g -O2  conftest.c >&5
configure:4499: $? = 0
configure:4499: result: yes
configure:4514: checking for struct stat.st_rdev
configure:4514: gcc -c -g -O2  conftest.c >&5
configure:4514: $? = 0
configure:4514: result: yes
configure:4529: checking for struct stat.st_size
configure:4529: gcc -c -g -O2  conftest.c >&5
configure:4529: $? = 0
configure:4529: result: yes
configure:4544: checking for struct stat.st_blksize
configure:4544: gcc -c -g -O2  conftest.c >&5
configure:4544: $? = 0
configure:4544: result: yes
configure:4559: checking for struct stat.st_blocks
configure:4559: gcc -c -g -O2  conftest.c >&5
configure:4559: $? = 0
configure:4559: result: yes
configure:4574: checking for struct stat.st_atime
configure:4574: gcc -c -g -O2  conftest.c >&5
configure:4574: $? = 0
configure:4574: result: yes
configure:4589: checking for struct stat.st_mtime
configure:4589: gcc -c -g -O2  conftest.c >&5
configure:4589: $? = 0
configure:4589: result: yes
configure:4604: checking for struct stat.st_ctime
configure:4604: gcc -c -g -O2  conftest.c >&5
configure:4604: $? = 0
configure:4604: result: yes
configure:4620: checking for socklen_t
configure:4620: gcc -c -g -O2  conftest.c >&5
configure:4620: $? = 0
configure:4620: gcc -c -g -O2  conftest.c >&5
conftest.c: In function 'main':
conftest.c:69: error: expected expression before ')' token
configure:4620: $? = 1
configure: failed program was:
| /* confdefs.h */
| #define PACKAGE_NAME ""
| #define PACKAGE_TARNAME ""
| #define PACKAGE_VERSION ""
| #define PACKAGE_STRING ""
| #define PACKAGE_BUGREPORT ""
| #define PACKAGE_URL ""
| #define STDC_HEADERS 1
| #define HAVE_SYS_TYPES_H 1
| #define HAVE_SYS_STAT_H 1
| #define HAVE_STDLIB_H 1
| #define HAVE_STRING_H 1
| #define HAVE_MEMORY_H 1
| #define HAVE_STRINGS_H 1
| #define HAVE_INTTYPES_H 1
| #define HAVE_STDINT_H 1
| #define HAVE_UNISTD_H 1
| #define HAVE_STDLIB_H 1
| #define HAVE_STRING_H 1
| #define HAVE_STRINGS_H 1
| #define HAVE_UNISTD_H 1
| #define HAVE_TIME_H 1
| #define HAVE_SYS_TIME_H 1
| #define HAVE_SYS_RESOURCE_H 1
| #define HAVE_FCNTL_H 1
| #define HAVE_DLFCN_H 1
| #define HAVE_ERRNO_H 1
| #define HAVE_SYS_STAT_H 1
| #define HAVE_GETRUSAGE 1
| #define HAVE_TIME 1
| #define HAVE_SIGACTION 1
| #define HAVE_ZLIB_H 1
| #define PKGVERSION "(GDB) "
| #define REPORT_BUGS_TO "<http://www.gnu.org/software/gdb/bugs/>"
| #define RETSIGTYPE void
| #define HAVE_STDLIB_H 1
| #define HAVE_STRING_H 1
| #define HAVE_STRINGS_H 1
| #define HAVE_TIME_H 1
| #define HAVE_SYS_TIMES_H 1
| #define HAVE_SYS_STAT_H 1
| #define HAVE_SYS_MMAN_H 1
| #define HAVE_MMAP 1
| #define HAVE_MUNMAP 1
| #define HAVE_LSTAT 1
| #define HAVE_TRUNCATE 1
| #define HAVE_FTRUNCATE 1
| #define HAVE_STRUCT_STAT_ST_DEV 1
| #define HAVE_STRUCT_STAT_ST_INO 1
| #define HAVE_STRUCT_STAT_ST_MODE 1
| #define HAVE_STRUCT_STAT_ST_NLINK 1
| #define HAVE_STRUCT_STAT_ST_UID 1
| #define HAVE_STRUCT_STAT_ST_GID 1
| #define HAVE_STRUCT_STAT_ST_RDEV 1
| #define HAVE_STRUCT_STAT_ST_SIZE 1
| #define HAVE_STRUCT_STAT_ST_BLKSIZE 1
| #define HAVE_STRUCT_STAT_ST_BLOCKS 1
| #define HAVE_STRUCT_STAT_ST_ATIME 1
| #define HAVE_STRUCT_STAT_ST_MTIME 1
| #define HAVE_STRUCT_STAT_ST_CTIME 1
| /* end confdefs.h.  */
| #include <sys/types.h>
| #include <sys/socket.h>
| 
| 
| int
| main ()
| {
| if (sizeof ((socklen_t)))
| 	    return 0;
|   ;
|   return 0;
| }
configure:4620: result: yes
configure:4703: updating cache .././config.cache
configure:4740: creating ./config.status

## ---------------------- ##
## Running config.status. ##
## ---------------------- ##

This file was extended by config.status, which was
generated by GNU Autoconf 2.64.  Invocation command line was

  CONFIG_FILES    = 
  CONFIG_HEADERS  = 
  CONFIG_LINKS    = 
  CONFIG_COMMANDS = 
  $ ./config.status 

on intel-no-MacBook-Air.local

config.status:914: creating Makefile
config.status:914: creating cconfig.h
config.status:1094: executing default commands

## ---------------- ##
## Cache variables. ##
## ---------------- ##

ac_cv_build=x86_64-apple-darwin11.4.0
ac_cv_c_compiler_gnu=yes
ac_cv_env_CC_set=set
ac_cv_env_CC_value=gcc
ac_cv_env_CFLAGS_set=set
ac_cv_env_CFLAGS_value='-g -O2'
ac_cv_env_CPPFLAGS_set=
ac_cv_env_CPPFLAGS_value=
ac_cv_env_CPP_set=
ac_cv_env_CPP_value=
ac_cv_env_LDFLAGS_set=set
ac_cv_env_LDFLAGS_value=' '
ac_cv_env_LIBS_set=
ac_cv_env_LIBS_value=
ac_cv_env_build_alias_set=set
ac_cv_env_build_alias_value=x86_64-apple-darwin11.4.0
ac_cv_env_host_alias_set=set
ac_cv_env_host_alias_value=x86_64-apple-darwin11.4.0
ac_cv_env_target_alias_set=set
ac_cv_env_target_alias_value=h8300-elf
ac_cv_func___setfpucw=no
ac_cv_func_ftruncate=yes
ac_cv_func_getrusage=yes
ac_cv_func_lstat=yes
ac_cv_func_mmap=yes
ac_cv_func_munmap=yes
ac_cv_func_sigaction=yes
ac_cv_func_time=yes
ac_cv_func_truncate=yes
ac_cv_header_dlfcn_h=yes
ac_cv_header_errno_h=yes
ac_cv_header_fcntl_h=yes
ac_cv_header_fpu_control_h=no
ac_cv_header_inttypes_h=yes
ac_cv_header_memory_h=yes
ac_cv_header_stdc=yes
ac_cv_header_stdint_h=yes
ac_cv_header_stdlib_h=yes
ac_cv_header_string_h=yes
ac_cv_header_strings_h=yes
ac_cv_header_sys_mman_h=yes
ac_cv_header_sys_param_h=yes
ac_cv_header_sys_resource_h=yes
ac_cv_header_sys_stat_h=yes
ac_cv_header_sys_time_h=yes
ac_cv_header_sys_times_h=yes
ac_cv_header_sys_types_h=yes
ac_cv_header_time_h=yes
ac_cv_header_unistd_h=yes
ac_cv_header_zlib_h=yes
ac_cv_host=x86_64-apple-darwin11.4.0
ac_cv_lib_nsl_gethostbyname=no
ac_cv_lib_socket_bind=no
ac_cv_member_struct_stat_st_atime=yes
ac_cv_member_struct_stat_st_blksize=yes
ac_cv_member_struct_stat_st_blocks=yes
ac_cv_member_struct_stat_st_ctime=yes
ac_cv_member_struct_stat_st_dev=yes
ac_cv_member_struct_stat_st_gid=yes
ac_cv_member_struct_stat_st_ino=yes
ac_cv_member_struct_stat_st_mode=yes
ac_cv_member_struct_stat_st_mtime=yes
ac_cv_member_struct_stat_st_nlink=yes
ac_cv_member_struct_stat_st_rdev=yes
ac_cv_member_struct_stat_st_size=yes
ac_cv_member_struct_stat_st_uid=yes
ac_cv_objext=o
ac_cv_path_EGREP='/usr/bin/grep -E'
ac_cv_path_GREP=/usr/bin/grep
ac_cv_prog_AR=ar
ac_cv_prog_CC=gcc
ac_cv_prog_CPP='gcc -E'
ac_cv_prog_RANLIB=ranlib
ac_cv_prog_cc_c89=
ac_cv_prog_cc_g=yes
ac_cv_search_zlibVersion=-lz
ac_cv_target=h8300-unknown-elf
ac_cv_type_signal=void
ac_cv_type_socklen_t=yes

## ----------------- ##
## Output variables. ##
## ----------------- ##

AR='ar'
CATALOGS=''
CATOBJEXT=''
CC='gcc'
CC_FOR_BUILD='$(CC)'
CFLAGS='-g -O2'
CPP='gcc -E'
CPPFLAGS=''
CPP_FOR_TARGET='`   if test -f $${rootme}/../../gcc/Makefile ; then     if test -f $${rootme}/../../$(TARGET_SUBDIR)/newlib/Makefile ; then       echo $${rootme}/../../gcc/xgcc -B$${rootme}/../../gcc/ -idirafter $${rootme}/../../$(TARGET_SUBDIR)/newlib/targ-include -idirafter $(srcroot)/newlib/libc/include -nostdinc;     else       echo $${rootme}/../../gcc/xgcc -B$${rootme}/../../gcc/;     fi;   else     if test '\''$(host_canonical)'\'' = '\''$(target_canonical)'\'' ; then       echo $(CC);     else       t='\''$(program_transform_name)'\''; echo gcc | sed -e '\''s/x/x/'\'' $$t;     fi;   fi` -E'
DATADIRNAME=''
DEFS='-DHAVE_CONFIG_H'
ECHO_C='\c'
ECHO_N=''
ECHO_T=''
EGREP='/usr/bin/grep -E'
EXEEXT=''
GENCAT=''
GMSGFMT='/opt/local/bin/msgfmt'
GREP='/usr/bin/grep'
HDEFINES=''
INCINTL=''
INSTALL_DATA='/usr/bin/install -c -m 644'
INSTALL_PROGRAM='/usr/bin/install -c'
INSTALL_SCRIPT='/usr/bin/install -c'
INSTOBJEXT=''
LDFLAGS=' '
LIBINTL=''
LIBINTL_DEP=''
LIBOBJS=''
LIBS='-lz '
LTLIBOBJS=''
MAINT='#'
OBJEXT='o'
PACKAGE_BUGREPORT=''
PACKAGE_NAME=''
PACKAGE_STRING=''
PACKAGE_TARNAME=''
PACKAGE_URL=''
PACKAGE_VERSION=''
PATH_SEPARATOR=':'
PKGVERSION='(GDB) '
POSUB=''
RANLIB='ranlib'
REPORT_BUGS_TEXI='@uref{http://www.gnu.org/software/gdb/bugs/}'
REPORT_BUGS_TO='<http://www.gnu.org/software/gdb/bugs/>'
SHELL='/bin/sh'
TARGET_SUBDIR='h8300-elf'
USE_NLS='no'
WARN_CFLAGS=''
WERROR_CFLAGS=''
XGETTEXT='/opt/local/bin/xgettext'
ac_ct_CC=''
bindir='${exec_prefix}/bin'
build='x86_64-apple-darwin11.4.0'
build_alias='x86_64-apple-darwin11.4.0'
build_cpu='x86_64'
build_os='darwin11.4.0'
build_vendor='apple'
datadir='${datarootdir}'
datarootdir='${prefix}/share'
docdir='${datarootdir}/doc/${PACKAGE}'
dvidir='${docdir}'
exec_prefix='${prefix}'
host='x86_64-apple-darwin11.4.0'
host_alias='x86_64-apple-darwin11.4.0'
host_cpu='x86_64'
host_os='darwin11.4.0'
host_vendor='apple'
htmldir='${docdir}'
includedir='${prefix}/include'
infodir='${datarootdir}/info'
libdir='${exec_prefix}/lib'
libexecdir='${exec_prefix}/libexec'
localedir='${datarootdir}/locale'
localstatedir='${prefix}/var'
mandir='${datarootdir}/man'
oldincludedir='/usr/include'
pdfdir='${docdir}'
prefix='/usr/local'
program_transform_name='s&^&h8300-elf-&'
psdir='${docdir}'
sbindir='${exec_prefix}/sbin'
sharedstatedir='${prefix}/com'
sim_alignment=''
sim_assert=''
sim_bitsize=''
sim_bswap=''
sim_cflags=''
sim_debug=''
sim_default_model=''
sim_endian=''
sim_environment=''
sim_float=''
sim_hostendian=''
sim_hw=''
sim_hw_cflags=''
sim_hw_objs=''
sim_inline=''
sim_packages=''
sim_profile='-DPROFILE=1 -DWITH_PROFILE=-1'
sim_regparm=''
sim_reserved_bits=''
sim_scache=''
sim_smp=''
sim_stdcall=''
sim_stdio=''
sim_trace=''
sim_xor_endian=''
sysconfdir='${prefix}/etc'
target='h8300-unknown-elf'
target_alias='h8300-elf'
target_cpu='h8300'
target_os='elf'
target_vendor='unknown'

## ----------- ##
## confdefs.h. ##
## ----------- ##

/* confdefs.h */
#define PACKAGE_NAME ""
#define PACKAGE_TARNAME ""
#define PACKAGE_VERSION ""
#define PACKAGE_STRING ""
#define PACKAGE_BUGREPORT ""
#define PACKAGE_URL ""
#define STDC_HEADERS 1
#define HAVE_SYS_TYPES_H 1
#define HAVE_SYS_STAT_H 1
#define HAVE_STDLIB_H 1
#define HAVE_STRING_H 1
#define HAVE_MEMORY_H 1
#define HAVE_STRINGS_H 1
#define HAVE_INTTYPES_H 1
#define HAVE_STDINT_H 1
#define HAVE_UNISTD_H 1
#define HAVE_STDLIB_H 1
#define HAVE_STRING_H 1
#define HAVE_STRINGS_H 1
#define HAVE_UNISTD_H 1
#define HAVE_TIME_H 1
#define HAVE_SYS_TIME_H 1
#define HAVE_SYS_RESOURCE_H 1
#define HAVE_FCNTL_H 1
#define HAVE_DLFCN_H 1
#define HAVE_ERRNO_H 1
#define HAVE_SYS_STAT_H 1
#define HAVE_GETRUSAGE 1
#define HAVE_TIME 1
#define HAVE_SIGACTION 1
#define HAVE_ZLIB_H 1
#define PKGVERSION "(GDB) "
#define REPORT_BUGS_TO "<http://www.gnu.org/software/gdb/bugs/>"
#define RETSIGTYPE void
#define HAVE_STDLIB_H 1
#define HAVE_STRING_H 1
#define HAVE_STRINGS_H 1
#define HAVE_TIME_H 1
#define HAVE_SYS_TIMES_H 1
#define HAVE_SYS_STAT_H 1
#define HAVE_SYS_MMAN_H 1
#define HAVE_MMAP 1
#define HAVE_MUNMAP 1
#define HAVE_LSTAT 1
#define HAVE_TRUNCATE 1
#define HAVE_FTRUNCATE 1
#define HAVE_STRUCT_STAT_ST_DEV 1
#define HAVE_STRUCT_STAT_ST_INO 1
#define HAVE_STRUCT_STAT_ST_MODE 1
#define HAVE_STRUCT_STAT_ST_NLINK 1
#define HAVE_STRUCT_STAT_ST_UID 1
#define HAVE_STRUCT_STAT_ST_GID 1
#define HAVE_STRUCT_STAT_ST_RDEV 1
#define HAVE_STRUCT_STAT_ST_SIZE 1
#define HAVE_STRUCT_STAT_ST_BLKSIZE 1
#define HAVE_STRUCT_STAT_ST_BLOCKS 1
#define HAVE_STRUCT_STAT_ST_ATIME 1
#define HAVE_STRUCT_STAT_ST_MTIME 1
#define HAVE_STRUCT_STAT_ST_CTIME 1
#define HAVE_SOCKLEN_T 1

configure: exit 0
