This file contains any messages produced by compilers while
running configure, to aid debugging if configure makes a mistake.

It was created by configure, which was
generated by GNU Autoconf 2.64.  Invocation command line was

  $ /Users/intel/work/cross/gnu/gdb-7.3.1/sim/configure --cache-file=./config.cache --with-system-zlib --disable-nls --program-transform-name=s&^&h8300-elf-& --disable-option-checking --build=x86_64-apple-darwin11.4.0 --host=x86_64-apple-darwin11.4.0 --target=h8300-elf --srcdir=.././sim

## --------- ##
## Platform. ##
## --------- ##

hostname = intel-no-MacBook-Air.local
uname -m = x86_64
uname -r = 11.4.0
uname -s = Darwin
uname -v = Darwin Kernel Version 11.4.0: Mon Apr  9 19:32:15 PDT 2012; root:xnu-1699.26.8~1/RELEASE_X86_64

/usr/bin/uname -p = i386
/bin/uname -X     = unknown

/bin/arch              = unknown
/usr/bin/arch -k       = unknown
/usr/convex/getsysinfo = unknown
/usr/bin/hostinfo      = Mach kernel version:
	 Darwin Kernel Version 11.4.0: Mon Apr  9 19:32:15 PDT 2012; root:xnu-1699.26.8~1/RELEASE_X86_64
Kernel configured for up to 4 processors.
2 processors are physically available.
4 processors are logically available.
Processor type: i486 (Intel 80486)
Processors active: 0 1 2 3
Primary memory available: 2.00 gigabytes
Default processor set: 79 tasks, 337 threads, 4 processors
Load average: 1.28, Mach factor: 2.70
/bin/machine           = unknown
/usr/bin/oslevel       = unknown
/bin/universe          = unknown

PATH: /opt/local/bin
PATH: /opt/local/sbin
PATH: /usr/bin
PATH: /bin
PATH: /usr/sbin
PATH: /sbin
PATH: /usr/local/bin
PATH: /usr/X11/bin


## ----------- ##
## Core tests. ##
## ----------- ##

configure:1687: creating cache ./config.cache
configure:1772: checking for x86_64-apple-darwin11.4.0-gcc
configure:1799: result: gcc
configure:2068: checking for C compiler version
configure:2077: gcc --version >&5
i686-apple-darwin11-llvm-gcc-4.2 (GCC) 4.2.1 (Based on Apple Inc. build 5658) (LLVM build 2336.11.00)
Copyright (C) 2007 Free Software Foundation, Inc.
This is free software; see the source for copying conditions.  There is NO
warranty; not even for MERCHANTABILITY or FITNESS FOR A PARTICULAR PURPOSE.

configure:2088: $? = 0
configure:2077: gcc -v >&5
Using built-in specs.
Target: i686-apple-darwin11
Configured with: /private/var/tmp/llvmgcc42/llvmgcc42-2336.11~28/src/configure --disable-checking --enable-werror --prefix=/Applications/Xcode.app/Contents/Developer/usr/llvm-gcc-4.2 --mandir=/share/man --enable-languages=c,objc,c++,obj-c++ --program-prefix=llvm- --program-transform-name=/^[cg][^.-]*$/s/$/-4.2/ --with-slibdir=/usr/lib --build=i686-apple-darwin11 --enable-llvm=/private/var/tmp/llvmgcc42/llvmgcc42-2336.11~28/dst-llvmCore/Developer/usr/local --program-prefix=i686-apple-darwin11- --host=x86_64-apple-darwin11 --target=i686-apple-darwin11 --with-gxx-include-dir=/usr/include/c++/4.2.1
Thread model: posix
gcc version 4.2.1 (Based on Apple Inc. build 5658) (LLVM build 2336.11.00)
configure:2088: $? = 0
configure:2077: gcc -V >&5
llvm-gcc-4.2: argument to `-V' is missing
configure:2088: $? = 1
configure:2077: gcc -qversion >&5
i686-apple-darwin11-llvm-gcc-4.2: no input files
configure:2088: $? = 1
configure:2108: checking for C compiler default output file name
configure:2130: gcc -g -O2    conftest.c  >&5
configure:2134: $? = 0
configure:2171: result: a.out
configure:2187: checking whether the C compiler works
configure:2196: ./a.out
configure:2200: $? = 0
configure:2215: result: yes
configure:2222: checking whether we are cross compiling
configure:2224: result: no
configure:2227: checking for suffix of executables
configure:2234: gcc -o conftest -g -O2    conftest.c  >&5
configure:2238: $? = 0
configure:2260: result: 
configure:2266: checking for suffix of object files
configure:2288: gcc -c -g -O2  conftest.c >&5
configure:2292: $? = 0
configure:2313: result: o
configure:2317: checking whether we are using the GNU C compiler
configure:2336: gcc -c -g -O2  conftest.c >&5
configure:2336: $? = 0
configure:2345: result: yes
configure:2354: checking whether gcc accepts -g
configure:2374: gcc -c -g  conftest.c >&5
configure:2374: $? = 0
configure:2415: result: yes
configure:2432: checking for gcc option to accept ISO C89
configure:2496: gcc  -c -g -O2  conftest.c >&5
configure:2496: $? = 0
configure:2509: result: none needed
configure:2566: checking for a BSD-compatible install
configure:2634: result: /usr/bin/install -c
configure:2648: checking for x86_64-apple-darwin11.4.0-ar
configure:2675: result: ar
configure:2740: checking for x86_64-apple-darwin11.4.0-ranlib
configure:2767: result: ranlib
configure:2834: checking build system type
configure:2848: result: x86_64-apple-darwin11.4.0
configure:2868: checking host system type
configure:2881: result: x86_64-apple-darwin11.4.0
configure:2901: checking target system type
configure:2914: result: h8300-unknown-elf
configure:2959: checking for x86_64-apple-darwin11.4.0-gcc
configure:2986: result: gcc
configure:3255: checking for C compiler version
configure:3264: gcc --version >&5
i686-apple-darwin11-llvm-gcc-4.2 (GCC) 4.2.1 (Based on Apple Inc. build 5658) (LLVM build 2336.11.00)
Copyright (C) 2007 Free Software Foundation, Inc.
This is free software; see the source for copying conditions.  There is NO
warranty; not even for MERCHANTABILITY or FITNESS FOR A PARTICULAR PURPOSE.

configure:3275: $? = 0
configure:3264: gcc -v >&5
Using built-in specs.
Target: i686-apple-darwin11
Configured with: /private/var/tmp/llvmgcc42/llvmgcc42-2336.11~28/src/configure --disable-checking --enable-werror --prefix=/Applications/Xcode.app/Contents/Developer/usr/llvm-gcc-4.2 --mandir=/share/man --enable-languages=c,objc,c++,obj-c++ --program-prefix=llvm- --program-transform-name=/^[cg][^.-]*$/s/$/-4.2/ --with-slibdir=/usr/lib --build=i686-apple-darwin11 --enable-llvm=/private/var/tmp/llvmgcc42/llvmgcc42-2336.11~28/dst-llvmCore/Developer/usr/local --program-prefix=i686-apple-darwin11- --host=x86_64-apple-darwin11 --target=i686-apple-darwin11 --with-gxx-include-dir=/usr/include/c++/4.2.1
Thread model: posix
gcc version 4.2.1 (Based on Apple Inc. build 5658) (LLVM build 2336.11.00)
configure:3275: $? = 0
configure:3264: gcc -V >&5
llvm-gcc-4.2: argument to `-V' is missing
configure:3275: $? = 1
configure:3264: gcc -qversion >&5
i686-apple-darwin11-llvm-gcc-4.2: no input files
configure:3275: $? = 1
configure:3279: checking whether we are using the GNU C compiler
configure:3307: result: yes
configure:3316: checking whether gcc accepts -g
configure:3377: result: yes
configure:3394: checking for gcc option to accept ISO C89
configure:3471: result: none needed
configure:3498: checking for x86_64-apple-darwin11.4.0-ranlib
configure:3525: result: ranlib
configure:3904: updating cache ./config.cache
configure:3977: creating ./config.status

## ---------------------- ##
## Running config.status. ##
## ---------------------- ##

This file was extended by config.status, which was
generated by GNU Autoconf 2.64.  Invocation command line was

  CONFIG_FILES    = 
  CONFIG_HEADERS  = 
  CONFIG_LINKS    = 
  CONFIG_COMMANDS = 
  $ ./config.status 

on intel-no-MacBook-Air.local

config.status:740: creating Makefile
configure:5044: === configuring in h8300 (/Users/intel/work/cross/gnu/gdb-7.3.1/sim/h8300)
configure:5107: running /bin/sh ./configure --disable-option-checking '--prefix=/usr/local'  '--with-system-zlib' '--disable-nls' '--program-transform-name=s&^&h8300-elf-&' '--build=x86_64-apple-darwin11.4.0' '--host=x86_64-apple-darwin11.4.0' '--target=h8300-elf' 'build_alias=x86_64-apple-darwin11.4.0' 'host_alias=x86_64-apple-darwin11.4.0' 'target_alias=h8300-elf' 'CC=gcc' 'CFLAGS=-g -O2' 'LDFLAGS= ' --cache-file=.././config.cache --srcdir=.
configure:5044: === configuring in testsuite (/Users/intel/work/cross/gnu/gdb-7.3.1/sim/testsuite)
configure:5107: running /bin/sh ./configure --disable-option-checking '--prefix=/usr/local'  '--with-system-zlib' '--disable-nls' '--program-transform-name=s&^&h8300-elf-&' '--build=x86_64-apple-darwin11.4.0' '--host=x86_64-apple-darwin11.4.0' '--target=h8300-elf' 'build_alias=x86_64-apple-darwin11.4.0' 'host_alias=x86_64-apple-darwin11.4.0' 'target_alias=h8300-elf' 'CC=gcc' 'CFLAGS=-g -O2' 'LDFLAGS= ' --cache-file=.././config.cache --srcdir=.
configure:5044: === configuring in common (/Users/intel/work/cross/gnu/gdb-7.3.1/sim/common)
configure:5107: running /bin/sh ./configure --disable-option-checking '--prefix=/usr/local'  '--with-system-zlib' '--disable-nls' '--program-transform-name=s&^&h8300-elf-&' '--build=x86_64-apple-darwin11.4.0' '--host=x86_64-apple-darwin11.4.0' '--target=h8300-elf' 'build_alias=x86_64-apple-darwin11.4.0' 'host_alias=x86_64-apple-darwin11.4.0' 'target_alias=h8300-elf' 'CC=gcc' 'CFLAGS=-g -O2' 'LDFLAGS= ' --cache-file=.././config.cache --srcdir=.

## ---------------- ##
## Cache variables. ##
## ---------------- ##

ac_cv_build=x86_64-apple-darwin11.4.0
ac_cv_c_compiler_gnu=yes
ac_cv_env_CC_set=set
ac_cv_env_CC_value=gcc
ac_cv_env_CFLAGS_set=set
ac_cv_env_CFLAGS_value='-g -O2'
ac_cv_env_CPPFLAGS_set=
ac_cv_env_CPPFLAGS_value=
ac_cv_env_LDFLAGS_set=set
ac_cv_env_LDFLAGS_value=' '
ac_cv_env_LIBS_set=
ac_cv_env_LIBS_value=
ac_cv_env_build_alias_set=set
ac_cv_env_build_alias_value=x86_64-apple-darwin11.4.0
ac_cv_env_host_alias_set=set
ac_cv_env_host_alias_value=x86_64-apple-darwin11.4.0
ac_cv_env_target_alias_set=set
ac_cv_env_target_alias_value=h8300-elf
ac_cv_host=x86_64-apple-darwin11.4.0
ac_cv_objext=o
ac_cv_prog_AR=ar
ac_cv_prog_CC=gcc
ac_cv_prog_RANLIB=ranlib
ac_cv_prog_cc_c89=
ac_cv_prog_cc_g=yes
ac_cv_target=h8300-unknown-elf

## ----------------- ##
## Output variables. ##
## ----------------- ##

AR='ar'
CC='gcc'
CC_FOR_BUILD='$(CC)'
CFLAGS='-g -O2'
CFLAGS_FOR_BUILD='-g -O2'
CPPFLAGS=''
DEFS='-DPACKAGE_NAME=\"\" -DPACKAGE_TARNAME=\"\" -DPACKAGE_VERSION=\"\" -DPACKAGE_STRING=\"\" -DPACKAGE_BUGREPORT=\"\" -DPACKAGE_URL=\"\"'
ECHO_C='\c'
ECHO_N=''
ECHO_T=''
EXEEXT=''
HDEFINES=''
INSTALL_DATA='/usr/bin/install -c -m 644'
INSTALL_PROGRAM='/usr/bin/install -c'
INSTALL_SCRIPT='/usr/bin/install -c'
LDFLAGS=' '
LIBOBJS=''
LIBS=''
LTLIBOBJS=''
OBJEXT='o'
PACKAGE_BUGREPORT=''
PACKAGE_NAME=''
PACKAGE_STRING=''
PACKAGE_TARNAME=''
PACKAGE_URL=''
PACKAGE_VERSION=''
PATH_SEPARATOR=':'
RANLIB='ranlib'
SHELL='/bin/sh'
ac_ct_CC=''
bindir='${exec_prefix}/bin'
build='x86_64-apple-darwin11.4.0'
build_alias='x86_64-apple-darwin11.4.0'
build_cpu='x86_64'
build_os='darwin11.4.0'
build_vendor='apple'
datadir='${datarootdir}'
datarootdir='${prefix}/share'
docdir='${datarootdir}/doc/${PACKAGE}'
dvidir='${docdir}'
exec_prefix='${prefix}'
host='x86_64-apple-darwin11.4.0'
host_alias='x86_64-apple-darwin11.4.0'
host_cpu='x86_64'
host_os='darwin11.4.0'
host_vendor='apple'
htmldir='${docdir}'
includedir='${prefix}/include'
infodir='${datarootdir}/info'
libdir='${exec_prefix}/lib'
libexecdir='${exec_prefix}/libexec'
localedir='${datarootdir}/locale'
localstatedir='${prefix}/var'
mandir='${datarootdir}/man'
oldincludedir='/usr/include'
pdfdir='${docdir}'
prefix='/usr/local'
program_transform_name='s&^&h8300-elf-&'
psdir='${docdir}'
sbindir='${exec_prefix}/sbin'
sharedstatedir='${prefix}/com'
sim_arch='h8300'
subdirs=' h8300 testsuite common'
sysconfdir='${prefix}/etc'
target='h8300-unknown-elf'
target_alias='h8300-elf'
target_cpu='h8300'
target_os='elf'
target_vendor='unknown'

## ----------- ##
## confdefs.h. ##
## ----------- ##

/* confdefs.h */
#define PACKAGE_NAME ""
#define PACKAGE_TARNAME ""
#define PACKAGE_VERSION ""
#define PACKAGE_STRING ""
#define PACKAGE_BUGREPORT ""
#define PACKAGE_URL ""

configure: exit 0
